INFO 2025-09-24 22:52:23,492 autoreload Watching for file changes with StatReloader
INFO 2025-09-24 22:56:35,190 autoreload Watching for file changes with StatReloader
ERROR 2025-09-24 22:58:12,852 log Internal Server Error: /admin/
Traceback (most recent call last):
  File "/home/ubuntu/ai-symbolic-grader/ai_spg_env/lib/python3.8/site-packages/django/contrib/sessions/backends/base.py", line 187, in _get_session
    return self._session_cache
AttributeError: 'SessionStore' object has no attribute '_session_cache'

During handling of the above exception, another exception occurred:

Traceback (most recent call last):
  File "/home/ubuntu/ai-symbolic-grader/ai_spg_env/lib/python3.8/site-packages/django/db/backends/utils.py", line 89, in _execute
    return self.cursor.execute(sql, params)
  File "/home/ubuntu/ai-symbolic-grader/ai_spg_env/lib/python3.8/site-packages/django/db/backends/mysql/base.py", line 75, in execute
    return self.cursor.execute(query, args)
  File "/home/ubuntu/ai-symbolic-grader/ai_spg_env/lib/python3.8/site-packages/MySQLdb/cursors.py", line 179, in execute
    res = self._query(mogrified_query)
  File "/home/ubuntu/ai-symbolic-grader/ai_spg_env/lib/python3.8/site-packages/MySQLdb/cursors.py", line 330, in _query
    db.query(q)
  File "/home/ubuntu/ai-symbolic-grader/ai_spg_env/lib/python3.8/site-packages/MySQLdb/connections.py", line 255, in query
    _mysql.connection.query(self, query)
MySQLdb.ProgrammingError: (1146, "Table 'ai_spg_db.django_session' doesn't exist")

The above exception was the direct cause of the following exception:

Traceback (most recent call last):
  File "/home/ubuntu/ai-symbolic-grader/ai_spg_env/lib/python3.8/site-packages/django/core/handlers/exception.py", line 55, in inner
    response = get_response(request)
  File "/home/ubuntu/ai-symbolic-grader/ai_spg_env/lib/python3.8/site-packages/django/core/handlers/base.py", line 197, in _get_response
    response = wrapped_callback(request, *callback_args, **callback_kwargs)
  File "/home/ubuntu/ai-symbolic-grader/ai_spg_env/lib/python3.8/site-packages/django/contrib/admin/sites.py", line 261, in wrapper
    return self.admin_view(view, cacheable)(*args, **kwargs)
  File "/home/ubuntu/ai-symbolic-grader/ai_spg_env/lib/python3.8/site-packages/django/utils/decorators.py", line 134, in _wrapper_view
    response = view_func(request, *args, **kwargs)
  File "/home/ubuntu/ai-symbolic-grader/ai_spg_env/lib/python3.8/site-packages/django/views/decorators/cache.py", line 62, in _wrapper_view_func
    response = view_func(request, *args, **kwargs)
  File "/home/ubuntu/ai-symbolic-grader/ai_spg_env/lib/python3.8/site-packages/django/contrib/admin/sites.py", line 230, in inner
    if not self.has_permission(request):
  File "/home/ubuntu/ai-symbolic-grader/ai_spg_env/lib/python3.8/site-packages/django/contrib/admin/sites.py", line 203, in has_permission
    return request.user.is_active and request.user.is_staff
  File "/home/ubuntu/ai-symbolic-grader/ai_spg_env/lib/python3.8/site-packages/django/utils/functional.py", line 266, in inner
    self._setup()
  File "/home/ubuntu/ai-symbolic-grader/ai_spg_env/lib/python3.8/site-packages/django/utils/functional.py", line 419, in _setup
    self._wrapped = self._setupfunc()
  File "/home/ubuntu/ai-symbolic-grader/ai_spg_env/lib/python3.8/site-packages/django/contrib/auth/middleware.py", line 25, in <lambda>
    request.user = SimpleLazyObject(lambda: get_user(request))
  File "/home/ubuntu/ai-symbolic-grader/ai_spg_env/lib/python3.8/site-packages/django/contrib/auth/middleware.py", line 11, in get_user
    request._cached_user = auth.get_user(request)
  File "/home/ubuntu/ai-symbolic-grader/ai_spg_env/lib/python3.8/site-packages/django/contrib/auth/__init__.py", line 191, in get_user
    user_id = _get_user_session_key(request)
  File "/home/ubuntu/ai-symbolic-grader/ai_spg_env/lib/python3.8/site-packages/django/contrib/auth/__init__.py", line 60, in _get_user_session_key
    return get_user_model()._meta.pk.to_python(request.session[SESSION_KEY])
  File "/home/ubuntu/ai-symbolic-grader/ai_spg_env/lib/python3.8/site-packages/django/contrib/sessions/backends/base.py", line 53, in __getitem__
    return self._session[key]
  File "/home/ubuntu/ai-symbolic-grader/ai_spg_env/lib/python3.8/site-packages/django/contrib/sessions/backends/base.py", line 192, in _get_session
    self._session_cache = self.load()
  File "/home/ubuntu/ai-symbolic-grader/ai_spg_env/lib/python3.8/site-packages/django/contrib/sessions/backends/db.py", line 42, in load
    s = self._get_session_from_db()
  File "/home/ubuntu/ai-symbolic-grader/ai_spg_env/lib/python3.8/site-packages/django/contrib/sessions/backends/db.py", line 32, in _get_session_from_db
    return self.model.objects.get(
  File "/home/ubuntu/ai-symbolic-grader/ai_spg_env/lib/python3.8/site-packages/django/db/models/manager.py", line 87, in manager_method
    return getattr(self.get_queryset(), name)(*args, **kwargs)
  File "/home/ubuntu/ai-symbolic-grader/ai_spg_env/lib/python3.8/site-packages/django/db/models/query.py", line 633, in get
    num = len(clone)
  File "/home/ubuntu/ai-symbolic-grader/ai_spg_env/lib/python3.8/site-packages/django/db/models/query.py", line 380, in __len__
    self._fetch_all()
  File "/home/ubuntu/ai-symbolic-grader/ai_spg_env/lib/python3.8/site-packages/django/db/models/query.py", line 1881, in _fetch_all
    self._result_cache = list(self._iterable_class(self))
  File "/home/ubuntu/ai-symbolic-grader/ai_spg_env/lib/python3.8/site-packages/django/db/models/query.py", line 91, in __iter__
    results = compiler.execute_sql(
  File "/home/ubuntu/ai-symbolic-grader/ai_spg_env/lib/python3.8/site-packages/django/db/models/sql/compiler.py", line 1562, in execute_sql
    cursor.execute(sql, params)
  File "/home/ubuntu/ai-symbolic-grader/ai_spg_env/lib/python3.8/site-packages/django/db/backends/utils.py", line 102, in execute
    return super().execute(sql, params)
  File "/home/ubuntu/ai-symbolic-grader/ai_spg_env/lib/python3.8/site-packages/django/db/backends/utils.py", line 67, in execute
    return self._execute_with_wrappers(
  File "/home/ubuntu/ai-symbolic-grader/ai_spg_env/lib/python3.8/site-packages/django/db/backends/utils.py", line 80, in _execute_with_wrappers
    return executor(sql, params, many, context)
  File "/home/ubuntu/ai-symbolic-grader/ai_spg_env/lib/python3.8/site-packages/django/db/backends/utils.py", line 89, in _execute
    return self.cursor.execute(sql, params)
  File "/home/ubuntu/ai-symbolic-grader/ai_spg_env/lib/python3.8/site-packages/django/db/utils.py", line 91, in __exit__
    raise dj_exc_value.with_traceback(traceback) from exc_value
  File "/home/ubuntu/ai-symbolic-grader/ai_spg_env/lib/python3.8/site-packages/django/db/backends/utils.py", line 89, in _execute
    return self.cursor.execute(sql, params)
  File "/home/ubuntu/ai-symbolic-grader/ai_spg_env/lib/python3.8/site-packages/django/db/backends/mysql/base.py", line 75, in execute
    return self.cursor.execute(query, args)
  File "/home/ubuntu/ai-symbolic-grader/ai_spg_env/lib/python3.8/site-packages/MySQLdb/cursors.py", line 179, in execute
    res = self._query(mogrified_query)
  File "/home/ubuntu/ai-symbolic-grader/ai_spg_env/lib/python3.8/site-packages/MySQLdb/cursors.py", line 330, in _query
    db.query(q)
  File "/home/ubuntu/ai-symbolic-grader/ai_spg_env/lib/python3.8/site-packages/MySQLdb/connections.py", line 255, in query
    _mysql.connection.query(self, query)
django.db.utils.ProgrammingError: (1146, "Table 'ai_spg_db.django_session' doesn't exist")
ERROR 2025-09-24 22:58:27,322 log Internal Server Error: /admin/
Traceback (most recent call last):
  File "/home/ubuntu/ai-symbolic-grader/ai_spg_env/lib/python3.8/site-packages/django/contrib/sessions/backends/base.py", line 187, in _get_session
    return self._session_cache
AttributeError: 'SessionStore' object has no attribute '_session_cache'

During handling of the above exception, another exception occurred:

Traceback (most recent call last):
  File "/home/ubuntu/ai-symbolic-grader/ai_spg_env/lib/python3.8/site-packages/django/db/backends/utils.py", line 89, in _execute
    return self.cursor.execute(sql, params)
  File "/home/ubuntu/ai-symbolic-grader/ai_spg_env/lib/python3.8/site-packages/django/db/backends/mysql/base.py", line 75, in execute
    return self.cursor.execute(query, args)
  File "/home/ubuntu/ai-symbolic-grader/ai_spg_env/lib/python3.8/site-packages/MySQLdb/cursors.py", line 179, in execute
    res = self._query(mogrified_query)
  File "/home/ubuntu/ai-symbolic-grader/ai_spg_env/lib/python3.8/site-packages/MySQLdb/cursors.py", line 330, in _query
    db.query(q)
  File "/home/ubuntu/ai-symbolic-grader/ai_spg_env/lib/python3.8/site-packages/MySQLdb/connections.py", line 255, in query
    _mysql.connection.query(self, query)
MySQLdb.ProgrammingError: (1146, "Table 'ai_spg_db.django_session' doesn't exist")

The above exception was the direct cause of the following exception:

Traceback (most recent call last):
  File "/home/ubuntu/ai-symbolic-grader/ai_spg_env/lib/python3.8/site-packages/django/core/handlers/exception.py", line 55, in inner
    response = get_response(request)
  File "/home/ubuntu/ai-symbolic-grader/ai_spg_env/lib/python3.8/site-packages/django/core/handlers/base.py", line 197, in _get_response
    response = wrapped_callback(request, *callback_args, **callback_kwargs)
  File "/home/ubuntu/ai-symbolic-grader/ai_spg_env/lib/python3.8/site-packages/django/contrib/admin/sites.py", line 261, in wrapper
    return self.admin_view(view, cacheable)(*args, **kwargs)
  File "/home/ubuntu/ai-symbolic-grader/ai_spg_env/lib/python3.8/site-packages/django/utils/decorators.py", line 134, in _wrapper_view
    response = view_func(request, *args, **kwargs)
  File "/home/ubuntu/ai-symbolic-grader/ai_spg_env/lib/python3.8/site-packages/django/views/decorators/cache.py", line 62, in _wrapper_view_func
    response = view_func(request, *args, **kwargs)
  File "/home/ubuntu/ai-symbolic-grader/ai_spg_env/lib/python3.8/site-packages/django/contrib/admin/sites.py", line 230, in inner
    if not self.has_permission(request):
  File "/home/ubuntu/ai-symbolic-grader/ai_spg_env/lib/python3.8/site-packages/django/contrib/admin/sites.py", line 203, in has_permission
    return request.user.is_active and request.user.is_staff
  File "/home/ubuntu/ai-symbolic-grader/ai_spg_env/lib/python3.8/site-packages/django/utils/functional.py", line 266, in inner
    self._setup()
  File "/home/ubuntu/ai-symbolic-grader/ai_spg_env/lib/python3.8/site-packages/django/utils/functional.py", line 419, in _setup
    self._wrapped = self._setupfunc()
  File "/home/ubuntu/ai-symbolic-grader/ai_spg_env/lib/python3.8/site-packages/django/contrib/auth/middleware.py", line 25, in <lambda>
    request.user = SimpleLazyObject(lambda: get_user(request))
  File "/home/ubuntu/ai-symbolic-grader/ai_spg_env/lib/python3.8/site-packages/django/contrib/auth/middleware.py", line 11, in get_user
    request._cached_user = auth.get_user(request)
  File "/home/ubuntu/ai-symbolic-grader/ai_spg_env/lib/python3.8/site-packages/django/contrib/auth/__init__.py", line 191, in get_user
    user_id = _get_user_session_key(request)
  File "/home/ubuntu/ai-symbolic-grader/ai_spg_env/lib/python3.8/site-packages/django/contrib/auth/__init__.py", line 60, in _get_user_session_key
    return get_user_model()._meta.pk.to_python(request.session[SESSION_KEY])
  File "/home/ubuntu/ai-symbolic-grader/ai_spg_env/lib/python3.8/site-packages/django/contrib/sessions/backends/base.py", line 53, in __getitem__
    return self._session[key]
  File "/home/ubuntu/ai-symbolic-grader/ai_spg_env/lib/python3.8/site-packages/django/contrib/sessions/backends/base.py", line 192, in _get_session
    self._session_cache = self.load()
  File "/home/ubuntu/ai-symbolic-grader/ai_spg_env/lib/python3.8/site-packages/django/contrib/sessions/backends/db.py", line 42, in load
    s = self._get_session_from_db()
  File "/home/ubuntu/ai-symbolic-grader/ai_spg_env/lib/python3.8/site-packages/django/contrib/sessions/backends/db.py", line 32, in _get_session_from_db
    return self.model.objects.get(
  File "/home/ubuntu/ai-symbolic-grader/ai_spg_env/lib/python3.8/site-packages/django/db/models/manager.py", line 87, in manager_method
    return getattr(self.get_queryset(), name)(*args, **kwargs)
  File "/home/ubuntu/ai-symbolic-grader/ai_spg_env/lib/python3.8/site-packages/django/db/models/query.py", line 633, in get
    num = len(clone)
  File "/home/ubuntu/ai-symbolic-grader/ai_spg_env/lib/python3.8/site-packages/django/db/models/query.py", line 380, in __len__
    self._fetch_all()
  File "/home/ubuntu/ai-symbolic-grader/ai_spg_env/lib/python3.8/site-packages/django/db/models/query.py", line 1881, in _fetch_all
    self._result_cache = list(self._iterable_class(self))
  File "/home/ubuntu/ai-symbolic-grader/ai_spg_env/lib/python3.8/site-packages/django/db/models/query.py", line 91, in __iter__
    results = compiler.execute_sql(
  File "/home/ubuntu/ai-symbolic-grader/ai_spg_env/lib/python3.8/site-packages/django/db/models/sql/compiler.py", line 1562, in execute_sql
    cursor.execute(sql, params)
  File "/home/ubuntu/ai-symbolic-grader/ai_spg_env/lib/python3.8/site-packages/django/db/backends/utils.py", line 102, in execute
    return super().execute(sql, params)
  File "/home/ubuntu/ai-symbolic-grader/ai_spg_env/lib/python3.8/site-packages/django/db/backends/utils.py", line 67, in execute
    return self._execute_with_wrappers(
  File "/home/ubuntu/ai-symbolic-grader/ai_spg_env/lib/python3.8/site-packages/django/db/backends/utils.py", line 80, in _execute_with_wrappers
    return executor(sql, params, many, context)
  File "/home/ubuntu/ai-symbolic-grader/ai_spg_env/lib/python3.8/site-packages/django/db/backends/utils.py", line 89, in _execute
    return self.cursor.execute(sql, params)
  File "/home/ubuntu/ai-symbolic-grader/ai_spg_env/lib/python3.8/site-packages/django/db/utils.py", line 91, in __exit__
    raise dj_exc_value.with_traceback(traceback) from exc_value
  File "/home/ubuntu/ai-symbolic-grader/ai_spg_env/lib/python3.8/site-packages/django/db/backends/utils.py", line 89, in _execute
    return self.cursor.execute(sql, params)
  File "/home/ubuntu/ai-symbolic-grader/ai_spg_env/lib/python3.8/site-packages/django/db/backends/mysql/base.py", line 75, in execute
    return self.cursor.execute(query, args)
  File "/home/ubuntu/ai-symbolic-grader/ai_spg_env/lib/python3.8/site-packages/MySQLdb/cursors.py", line 179, in execute
    res = self._query(mogrified_query)
  File "/home/ubuntu/ai-symbolic-grader/ai_spg_env/lib/python3.8/site-packages/MySQLdb/cursors.py", line 330, in _query
    db.query(q)
  File "/home/ubuntu/ai-symbolic-grader/ai_spg_env/lib/python3.8/site-packages/MySQLdb/connections.py", line 255, in query
    _mysql.connection.query(self, query)
django.db.utils.ProgrammingError: (1146, "Table 'ai_spg_db.django_session' doesn't exist")
ERROR 2025-09-24 22:58:53,695 log Internal Server Error: /admin/
Traceback (most recent call last):
  File "/home/ubuntu/ai-symbolic-grader/ai_spg_env/lib/python3.8/site-packages/django/contrib/sessions/backends/base.py", line 187, in _get_session
    return self._session_cache
AttributeError: 'SessionStore' object has no attribute '_session_cache'

During handling of the above exception, another exception occurred:

Traceback (most recent call last):
  File "/home/ubuntu/ai-symbolic-grader/ai_spg_env/lib/python3.8/site-packages/django/db/backends/utils.py", line 89, in _execute
    return self.cursor.execute(sql, params)
  File "/home/ubuntu/ai-symbolic-grader/ai_spg_env/lib/python3.8/site-packages/django/db/backends/mysql/base.py", line 75, in execute
    return self.cursor.execute(query, args)
  File "/home/ubuntu/ai-symbolic-grader/ai_spg_env/lib/python3.8/site-packages/MySQLdb/cursors.py", line 179, in execute
    res = self._query(mogrified_query)
  File "/home/ubuntu/ai-symbolic-grader/ai_spg_env/lib/python3.8/site-packages/MySQLdb/cursors.py", line 330, in _query
    db.query(q)
  File "/home/ubuntu/ai-symbolic-grader/ai_spg_env/lib/python3.8/site-packages/MySQLdb/connections.py", line 255, in query
    _mysql.connection.query(self, query)
MySQLdb.ProgrammingError: (1146, "Table 'ai_spg_db.django_session' doesn't exist")

The above exception was the direct cause of the following exception:

Traceback (most recent call last):
  File "/home/ubuntu/ai-symbolic-grader/ai_spg_env/lib/python3.8/site-packages/django/core/handlers/exception.py", line 55, in inner
    response = get_response(request)
  File "/home/ubuntu/ai-symbolic-grader/ai_spg_env/lib/python3.8/site-packages/django/core/handlers/base.py", line 197, in _get_response
    response = wrapped_callback(request, *callback_args, **callback_kwargs)
  File "/home/ubuntu/ai-symbolic-grader/ai_spg_env/lib/python3.8/site-packages/django/contrib/admin/sites.py", line 261, in wrapper
    return self.admin_view(view, cacheable)(*args, **kwargs)
  File "/home/ubuntu/ai-symbolic-grader/ai_spg_env/lib/python3.8/site-packages/django/utils/decorators.py", line 134, in _wrapper_view
    response = view_func(request, *args, **kwargs)
  File "/home/ubuntu/ai-symbolic-grader/ai_spg_env/lib/python3.8/site-packages/django/views/decorators/cache.py", line 62, in _wrapper_view_func
    response = view_func(request, *args, **kwargs)
  File "/home/ubuntu/ai-symbolic-grader/ai_spg_env/lib/python3.8/site-packages/django/contrib/admin/sites.py", line 230, in inner
    if not self.has_permission(request):
  File "/home/ubuntu/ai-symbolic-grader/ai_spg_env/lib/python3.8/site-packages/django/contrib/admin/sites.py", line 203, in has_permission
    return request.user.is_active and request.user.is_staff
  File "/home/ubuntu/ai-symbolic-grader/ai_spg_env/lib/python3.8/site-packages/django/utils/functional.py", line 266, in inner
    self._setup()
  File "/home/ubuntu/ai-symbolic-grader/ai_spg_env/lib/python3.8/site-packages/django/utils/functional.py", line 419, in _setup
    self._wrapped = self._setupfunc()
  File "/home/ubuntu/ai-symbolic-grader/ai_spg_env/lib/python3.8/site-packages/django/contrib/auth/middleware.py", line 25, in <lambda>
    request.user = SimpleLazyObject(lambda: get_user(request))
  File "/home/ubuntu/ai-symbolic-grader/ai_spg_env/lib/python3.8/site-packages/django/contrib/auth/middleware.py", line 11, in get_user
    request._cached_user = auth.get_user(request)
  File "/home/ubuntu/ai-symbolic-grader/ai_spg_env/lib/python3.8/site-packages/django/contrib/auth/__init__.py", line 191, in get_user
    user_id = _get_user_session_key(request)
  File "/home/ubuntu/ai-symbolic-grader/ai_spg_env/lib/python3.8/site-packages/django/contrib/auth/__init__.py", line 60, in _get_user_session_key
    return get_user_model()._meta.pk.to_python(request.session[SESSION_KEY])
  File "/home/ubuntu/ai-symbolic-grader/ai_spg_env/lib/python3.8/site-packages/django/contrib/sessions/backends/base.py", line 53, in __getitem__
    return self._session[key]
  File "/home/ubuntu/ai-symbolic-grader/ai_spg_env/lib/python3.8/site-packages/django/contrib/sessions/backends/base.py", line 192, in _get_session
    self._session_cache = self.load()
  File "/home/ubuntu/ai-symbolic-grader/ai_spg_env/lib/python3.8/site-packages/django/contrib/sessions/backends/db.py", line 42, in load
    s = self._get_session_from_db()
  File "/home/ubuntu/ai-symbolic-grader/ai_spg_env/lib/python3.8/site-packages/django/contrib/sessions/backends/db.py", line 32, in _get_session_from_db
    return self.model.objects.get(
  File "/home/ubuntu/ai-symbolic-grader/ai_spg_env/lib/python3.8/site-packages/django/db/models/manager.py", line 87, in manager_method
    return getattr(self.get_queryset(), name)(*args, **kwargs)
  File "/home/ubuntu/ai-symbolic-grader/ai_spg_env/lib/python3.8/site-packages/django/db/models/query.py", line 633, in get
    num = len(clone)
  File "/home/ubuntu/ai-symbolic-grader/ai_spg_env/lib/python3.8/site-packages/django/db/models/query.py", line 380, in __len__
    self._fetch_all()
  File "/home/ubuntu/ai-symbolic-grader/ai_spg_env/lib/python3.8/site-packages/django/db/models/query.py", line 1881, in _fetch_all
    self._result_cache = list(self._iterable_class(self))
  File "/home/ubuntu/ai-symbolic-grader/ai_spg_env/lib/python3.8/site-packages/django/db/models/query.py", line 91, in __iter__
    results = compiler.execute_sql(
  File "/home/ubuntu/ai-symbolic-grader/ai_spg_env/lib/python3.8/site-packages/django/db/models/sql/compiler.py", line 1562, in execute_sql
    cursor.execute(sql, params)
  File "/home/ubuntu/ai-symbolic-grader/ai_spg_env/lib/python3.8/site-packages/django/db/backends/utils.py", line 102, in execute
    return super().execute(sql, params)
  File "/home/ubuntu/ai-symbolic-grader/ai_spg_env/lib/python3.8/site-packages/django/db/backends/utils.py", line 67, in execute
    return self._execute_with_wrappers(
  File "/home/ubuntu/ai-symbolic-grader/ai_spg_env/lib/python3.8/site-packages/django/db/backends/utils.py", line 80, in _execute_with_wrappers
    return executor(sql, params, many, context)
  File "/home/ubuntu/ai-symbolic-grader/ai_spg_env/lib/python3.8/site-packages/django/db/backends/utils.py", line 89, in _execute
    return self.cursor.execute(sql, params)
  File "/home/ubuntu/ai-symbolic-grader/ai_spg_env/lib/python3.8/site-packages/django/db/utils.py", line 91, in __exit__
    raise dj_exc_value.with_traceback(traceback) from exc_value
  File "/home/ubuntu/ai-symbolic-grader/ai_spg_env/lib/python3.8/site-packages/django/db/backends/utils.py", line 89, in _execute
    return self.cursor.execute(sql, params)
  File "/home/ubuntu/ai-symbolic-grader/ai_spg_env/lib/python3.8/site-packages/django/db/backends/mysql/base.py", line 75, in execute
    return self.cursor.execute(query, args)
  File "/home/ubuntu/ai-symbolic-grader/ai_spg_env/lib/python3.8/site-packages/MySQLdb/cursors.py", line 179, in execute
    res = self._query(mogrified_query)
  File "/home/ubuntu/ai-symbolic-grader/ai_spg_env/lib/python3.8/site-packages/MySQLdb/cursors.py", line 330, in _query
    db.query(q)
  File "/home/ubuntu/ai-symbolic-grader/ai_spg_env/lib/python3.8/site-packages/MySQLdb/connections.py", line 255, in query
    _mysql.connection.query(self, query)
django.db.utils.ProgrammingError: (1146, "Table 'ai_spg_db.django_session' doesn't exist")
INFO 2025-09-24 23:02:20,493 autoreload Watching for file changes with StatReloader
INFO 2025-09-25 08:47:15,430 autoreload Watching for file changes with StatReloader
WARNING 2025-09-25 08:48:22,343 log Not Found: /favicon.ico
WARNING 2025-09-25 08:49:07,383 log Not Found: /favicon.ico
WARNING 2025-09-25 08:49:23,225 log Forbidden (CSRF token from POST incorrect.): /admin/login/
INFO 2025-09-26 09:34:08,209 autoreload Watching for file changes with StatReloader
INFO 2025-09-28 13:40:05,135 autoreload Watching for file changes with StatReloader
WARNING 2025-09-28 13:40:25,976 log Not Found: /favicon.ico
INFO 2025-09-28 13:52:50,152 autoreload Watching for file changes with StatReloader
INFO 2025-09-28 14:06:43,667 autoreload Watching for file changes with StatReloader
INFO 2025-09-28 14:29:27,926 autoreload Watching for file changes with StatReloader
INFO 2025-09-28 15:00:07,118 autoreload Watching for file changes with StatReloader
INFO 2025-09-28 15:19:26,924 autoreload Watching for file changes with StatReloader
INFO 2025-09-29 09:37:31,977 autoreload Watching for file changes with StatReloader
WARNING 2025-09-29 09:37:42,354 log Not Found: /favicon.ico
WARNING 2025-09-29 09:37:54,301 log Not Found: /
WARNING 2025-09-29 09:37:58,955 log Not Found: /
INFO 2025-09-30 09:15:39,137 autoreload Watching for file changes with StatReloader
WARNING 2025-09-30 09:16:39,754 log Not Found: /
